<?xml version="1.0" encoding="UTF-8"?>
<testsuite xmlns:xsi="http://www.w3.org/2001/XMLSchema-instance" xsi:noNamespaceSchemaLocation="https://maven.apache.org/surefire/maven-surefire-plugin/xsd/surefire-test-report.xsd" name="elr.ws.elrws.DemoApplicationTests" time="0.543" tests="1" errors="0" skipped="1" failures="0">
  <properties>
[...]
</properties>
  <testcase name="contextLoads" classname="elr.ws.elrws.DemoApplicationTests" time="0">
    <skipped/>
    <system-out><![CDATA[21:13:06.052 [main] DEBUG org.springframework.test.context.junit4.SpringJUnit4ClassRunner - SpringJUnit4ClassRunner constructor called with [class elr.ws.elrws.DemoApplicationTests]
21:13:06.059 [main] DEBUG org.springframework.test.context.BootstrapUtils - Instantiating CacheAwareContextLoaderDelegate from class [org.springframework.test.context.cache.DefaultCacheAwareContextLoaderDelegate]
21:13:06.070 [main] DEBUG org.springframework.test.context.BootstrapUtils - Instantiating BootstrapContext using constructor [public org.springframework.test.context.support.DefaultBootstrapContext(java.lang.Class,org.springframework.test.context.CacheAwareContextLoaderDelegate)]
21:13:06.090 [main] DEBUG org.springframework.test.context.BootstrapUtils - Instantiating TestContextBootstrapper for test class [elr.ws.elrws.DemoApplicationTests] from class [org.springframework.boot.test.context.SpringBootTestContextBootstrapper]
21:13:06.104 [main] INFO org.springframework.boot.test.context.SpringBootTestContextBootstrapper - Neither @ContextConfiguration nor @ContextHierarchy found for test class [elr.ws.elrws.DemoApplicationTests], using SpringBootContextLoader
21:13:06.109 [main] DEBUG org.springframework.test.context.support.AbstractContextLoader - Did not detect default resource location for test class [elr.ws.elrws.DemoApplicationTests]: class path resource [elr/ws/elrws/DemoApplicationTests-context.xml] does not exist
21:13:06.109 [main] DEBUG org.springframework.test.context.support.AbstractContextLoader - Did not detect default resource location for test class [elr.ws.elrws.DemoApplicationTests]: class path resource [elr/ws/elrws/DemoApplicationTestsContext.groovy] does not exist
21:13:06.110 [main] INFO org.springframework.test.context.support.AbstractContextLoader - Could not detect default resource locations for test class [elr.ws.elrws.DemoApplicationTests]: no resource found for suffixes {-context.xml, Context.groovy}.
21:13:06.111 [main] INFO org.springframework.test.context.support.AnnotationConfigContextLoaderUtils - Could not detect default configuration classes for test class [elr.ws.elrws.DemoApplicationTests]: DemoApplicationTests does not declare any static, non-private, non-final, nested classes annotated with @Configuration.
21:13:06.163 [main] DEBUG org.springframework.test.context.support.ActiveProfilesUtils - Could not find an 'annotation declaring class' for annotation type [org.springframework.test.context.ActiveProfiles] and class [elr.ws.elrws.DemoApplicationTests]
21:13:06.173 [main] DEBUG org.springframework.core.env.StandardEnvironment - Adding PropertySource 'systemProperties' with lowest search precedence
21:13:06.173 [main] DEBUG org.springframework.core.env.StandardEnvironment - Adding PropertySource 'systemEnvironment' with lowest search precedence
21:13:06.174 [main] DEBUG org.springframework.core.env.StandardEnvironment - Initialized StandardEnvironment with PropertySources [MapPropertySource@1361289747 {name='systemProperties', properties={java.runtime.name=Java(TM) SE Runtime Environment, sun.boot.library.path=/Library/Java/JavaVirtualMachines/jdk1.8.0_65.jdk/Contents/Home/jre/lib, java.vm.version=25.65-b01, gopherProxySet=false, java.vm.vendor=Oracle Corporation, java.vendor.url=http://java.oracle.com/, path.separator=:, java.vm.name=Java HotSpot(TM) 64-Bit Server VM, file.encoding.pkg=sun.io, user.country=US, sun.java.launcher=SUN_STANDARD, sun.os.patch.level=unknown, java.vm.specification.name=Java Virtual Machine Specification, user.dir=/Users/Brian/Documents/workspace/dev/myPlayGround/my-elr-backend, java.runtime.version=1.8.0_65-b17, basedir=/Users/Brian/Documents/workspace/dev/myPlayGround/my-elr-backend, java.awt.graphicsenv=sun.awt.CGraphicsEnvironment, java.endorsed.dirs=/Library/Java/JavaVirtualMachines/jdk1.8.0_65.jdk/Contents/Home/jre/lib/endorsed, os.arch=x86_64, surefire.real.class.path=/Users/Brian/Documents/workspace/dev/myPlayGround/my-elr-backend/target/surefire/surefirebooter7162315753689297213.jar, java.io.tmpdir=/var/folders/fk/bmh5qk0x7f10fx9f7tdrp7t00000gn/T/, line.separator=
, java.vm.specification.vendor=Oracle Corporation, os.name=Mac OS X, sun.jnu.encoding=UTF-8, java.library.path=/Users/Brian/Library/Java/Extensions:/Library/Java/Extensions:/Network/Library/Java/Extensions:/System/Library/Java/Extensions:/usr/lib/java:., surefire.test.class.path=/Users/Brian/Documents/workspace/dev/myPlayGround/my-elr-backend/target/test-classes:/Users/Brian/Documents/workspace/dev/myPlayGround/my-elr-backend/target/classes:/Users/Brian/.m2/repository/org/springframework/boot/spring-boot-starter-web/2.0.3.RELEASE/spring-boot-starter-web-2.0.3.RELEASE.jar:/Users/Brian/.m2/repository/org/springframework/boot/spring-boot-starter/2.0.3.RELEASE/spring-boot-starter-2.0.3.RELEASE.jar:/Users/Brian/.m2/repository/org/springframework/boot/spring-boot-starter-logging/2.0.3.RELEASE/spring-boot-starter-logging-2.0.3.RELEASE.jar:/Users/Brian/.m2/repository/ch/qos/logback/logback-classic/1.2.3/logback-classic-1.2.3.jar:/Users/Brian/.m2/repository/ch/qos/logback/logback-core/1.2.3/logback-core-1.2.3.jar:/Users/Brian/.m2/repository/org/apache/logging/log4j/log4j-to-slf4j/2.10.0/log4j-to-slf4j-2.10.0.jar:/Users/Brian/.m2/repository/org/apache/logging/log4j/log4j-api/2.10.0/log4j-api-2.10.0.jar:/Users/Brian/.m2/repository/org/slf4j/jul-to-slf4j/1.7.25/jul-to-slf4j-1.7.25.jar:/Users/Brian/.m2/repository/javax/annotation/javax.annotation-api/1.3.2/javax.annotation-api-1.3.2.jar:/Users/Brian/.m2/repository/org/yaml/snakeyaml/1.19/snakeyaml-1.19.jar:/Users/Brian/.m2/repository/org/springframework/boot/spring-boot-starter-json/2.0.3.RELEASE/spring-boot-starter-json-2.0.3.RELEASE.jar:/Users/Brian/.m2/repository/com/fasterxml/jackson/core/jackson-databind/2.9.6/jackson-databind-2.9.6.jar:/Users/Brian/.m2/repository/com/fasterxml/jackson/core/jackson-annotations/2.9.0/jackson-annotations-2.9.0.jar:/Users/Brian/.m2/repository/com/fasterxml/jackson/core/jackson-core/2.9.6/jackson-core-2.9.6.jar:/Users/Brian/.m2/repository/com/fasterxml/jackson/datatype/jackson-datatype-jdk8/2.9.6/jackson-datatype-jdk8-2.9.6.jar:/Users/Brian/.m2/repository/com/fasterxml/jackson/datatype/jackson-datatype-jsr310/2.9.6/jackson-datatype-jsr310-2.9.6.jar:/Users/Brian/.m2/repository/com/fasterxml/jackson/module/jackson-module-parameter-names/2.9.6/jackson-module-parameter-names-2.9.6.jar:/Users/Brian/.m2/repository/org/springframework/boot/spring-boot-starter-tomcat/2.0.3.RELEASE/spring-boot-starter-tomcat-2.0.3.RELEASE.jar:/Users/Brian/.m2/repository/org/apache/tomcat/embed/tomcat-embed-core/8.5.31/tomcat-embed-core-8.5.31.jar:/Users/Brian/.m2/repository/org/apache/tomcat/embed/tomcat-embed-el/8.5.31/tomcat-embed-el-8.5.31.jar:/Users/Brian/.m2/repository/org/apache/tomcat/embed/tomcat-embed-websocket/8.5.31/tomcat-embed-websocket-8.5.31.jar:/Users/Brian/.m2/repository/org/hibernate/validator/hibernate-validator/6.0.10.Final/hibernate-validator-6.0.10.Final.jar:/Users/Brian/.m2/repository/javax/validation/validation-api/2.0.1.Final/validation-api-2.0.1.Final.jar:/Users/Brian/.m2/repository/org/jboss/logging/jboss-logging/3.3.2.Final/jboss-logging-3.3.2.Final.jar:/Users/Brian/.m2/repository/com/fasterxml/classmate/1.3.4/classmate-1.3.4.jar:/Users/Brian/.m2/repository/org/springframework/spring-web/5.0.7.RELEASE/spring-web-5.0.7.RELEASE.jar:/Users/Brian/.m2/repository/org/springframework/spring-beans/5.0.7.RELEASE/spring-beans-5.0.7.RELEASE.jar:/Users/Brian/.m2/repository/org/springframework/spring-webmvc/5.0.7.RELEASE/spring-webmvc-5.0.7.RELEASE.jar:/Users/Brian/.m2/repository/org/springframework/spring-aop/5.0.7.RELEASE/spring-aop-5.0.7.RELEASE.jar:/Users/Brian/.m2/repository/org/springframework/spring-context/5.0.7.RELEASE/spring-context-5.0.7.RELEASE.jar:/Users/Brian/.m2/repository/org/springframework/spring-expression/5.0.7.RELEASE/spring-expression-5.0.7.RELEASE.jar:/Users/Brian/.m2/repository/org/springframework/boot/spring-boot-starter-web-services/2.0.3.RELEASE/spring-boot-starter-web-services-2.0.3.RELEASE.jar:/Users/Brian/.m2/repository/org/springframework/spring-oxm/5.0.7.RELEASE/spring-oxm-5.0.7.RELEASE.jar:/Users/Brian/.m2/repository/org/springframework/ws/spring-ws-core/3.0.1.RELEASE/spring-ws-core-3.0.1.RELEASE.jar:/Users/Brian/.m2/repository/org/springframework/ws/spring-xml/3.0.1.RELEASE/spring-xml-3.0.1.RELEASE.jar:/Users/Brian/.m2/repository/commons-io/commons-io/2.5/commons-io-2.5.jar:/Users/Brian/.m2/repository/org/springframework/boot/spring-boot-devtools/2.0.3.RELEASE/spring-boot-devtools-2.0.3.RELEASE.jar:/Users/Brian/.m2/repository/org/springframework/boot/spring-boot/2.0.3.RELEASE/spring-boot-2.0.3.RELEASE.jar:/Users/Brian/.m2/repository/org/springframework/boot/spring-boot-autoconfigure/2.0.3.RELEASE/spring-boot-autoconfigure-2.0.3.RELEASE.jar:/Users/Brian/.m2/repository/org/springframework/boot/spring-boot-starter-test/2.0.3.RELEASE/spring-boot-starter-test-2.0.3.RELEASE.jar:/Users/Brian/.m2/repository/org/springframework/boot/spring-boot-test/2.0.3.RELEASE/spring-boot-test-2.0.3.RELEASE.jar:/Users/Brian/.m2/repository/org/springframework/boot/spring-boot-test-autoconfigure/2.0.3.RELEASE/spring-boot-test-autoconfigure-2.0.3.RELEASE.jar:/Users/Brian/.m2/repository/com/jayway/jsonpath/json-path/2.4.0/json-path-2.4.0.jar:/Users/Brian/.m2/repository/net/minidev/json-smart/2.3/json-smart-2.3.jar:/Users/Brian/.m2/repository/net/minidev/accessors-smart/1.2/accessors-smart-1.2.jar:/Users/Brian/.m2/repository/org/ow2/asm/asm/5.0.4/asm-5.0.4.jar:/Users/Brian/.m2/repository/org/slf4j/slf4j-api/1.7.25/slf4j-api-1.7.25.jar:/Users/Brian/.m2/repository/junit/junit/4.12/junit-4.12.jar:/Users/Brian/.m2/repository/org/assertj/assertj-core/3.9.1/assertj-core-3.9.1.jar:/Users/Brian/.m2/repository/org/mockito/mockito-core/2.15.0/mockito-core-2.15.0.jar:/Users/Brian/.m2/repository/net/bytebuddy/byte-buddy/1.7.11/byte-buddy-1.7.11.jar:/Users/Brian/.m2/repository/net/bytebuddy/byte-buddy-agent/1.7.11/byte-buddy-agent-1.7.11.jar:/Users/Brian/.m2/repository/org/objenesis/objenesis/2.6/objenesis-2.6.jar:/Users/Brian/.m2/repository/org/hamcrest/hamcrest-core/1.3/hamcrest-core-1.3.jar:/Users/Brian/.m2/repository/org/hamcrest/hamcrest-library/1.3/hamcrest-library-1.3.jar:/Users/Brian/.m2/repository/org/skyscreamer/jsonassert/1.5.0/jsonassert-1.5.0.jar:/Users/Brian/.m2/repository/com/vaadin/external/google/android-json/0.0.20131108.vaadin1/android-json-0.0.20131108.vaadin1.jar:/Users/Brian/.m2/repository/org/springframework/spring-core/5.0.7.RELEASE/spring-core-5.0.7.RELEASE.jar:/Users/Brian/.m2/repository/org/springframework/spring-jcl/5.0.7.RELEASE/spring-jcl-5.0.7.RELEASE.jar:/Users/Brian/.m2/repository/org/springframework/spring-test/5.0.7.RELEASE/spring-test-5.0.7.RELEASE.jar:/Users/Brian/.m2/repository/org/xmlunit/xmlunit-core/2.5.1/xmlunit-core-2.5.1.jar:, java.specification.name=Java Platform API Specification, java.class.version=52.0, sun.management.compiler=HotSpot 64-Bit Tiered Compilers, os.version=10.13.5, http.nonProxyHosts=local|*.local|169.254/16|*.169.254/16, user.home=/Users/Brian, user.timezone=America/New_York, java.awt.printerjob=sun.lwawt.macosx.CPrinterJob, file.encoding=UTF-8, java.specification.version=1.8, java.class.path=/Users/Brian/Documents/workspace/dev/myPlayGround/my-elr-backend/target/test-classes:/Users/Brian/Documents/workspace/dev/myPlayGround/my-elr-backend/target/classes:/Users/Brian/.m2/repository/org/springframework/boot/spring-boot-starter-web/2.0.3.RELEASE/spring-boot-starter-web-2.0.3.RELEASE.jar:/Users/Brian/.m2/repository/org/springframework/boot/spring-boot-starter/2.0.3.RELEASE/spring-boot-starter-2.0.3.RELEASE.jar:/Users/Brian/.m2/repository/org/springframework/boot/spring-boot-starter-logging/2.0.3.RELEASE/spring-boot-starter-logging-2.0.3.RELEASE.jar:/Users/Brian/.m2/repository/ch/qos/logback/logback-classic/1.2.3/logback-classic-1.2.3.jar:/Users/Brian/.m2/repository/ch/qos/logback/logback-core/1.2.3/logback-core-1.2.3.jar:/Users/Brian/.m2/repository/org/apache/logging/log4j/log4j-to-slf4j/2.10.0/log4j-to-slf4j-2.10.0.jar:/Users/Brian/.m2/repository/org/apache/logging/log4j/log4j-api/2.10.0/log4j-api-2.10.0.jar:/Users/Brian/.m2/repository/org/slf4j/jul-to-slf4j/1.7.25/jul-to-slf4j-1.7.25.jar:/Users/Brian/.m2/repository/javax/annotation/javax.annotation-api/1.3.2/javax.annotation-api-1.3.2.jar:/Users/Brian/.m2/repository/org/yaml/snakeyaml/1.19/snakeyaml-1.19.jar:/Users/Brian/.m2/repository/org/springframework/boot/spring-boot-starter-json/2.0.3.RELEASE/spring-boot-starter-json-2.0.3.RELEASE.jar:/Users/Brian/.m2/repository/com/fasterxml/jackson/core/jackson-databind/2.9.6/jackson-databind-2.9.6.jar:/Users/Brian/.m2/repository/com/fasterxml/jackson/core/jackson-annotations/2.9.0/jackson-annotations-2.9.0.jar:/Users/Brian/.m2/repository/com/fasterxml/jackson/core/jackson-core/2.9.6/jackson-core-2.9.6.jar:/Users/Brian/.m2/repository/com/fasterxml/jackson/datatype/jackson-datatype-jdk8/2.9.6/jackson-datatype-jdk8-2.9.6.jar:/Users/Brian/.m2/repository/com/fasterxml/jackson/datatype/jackson-datatype-jsr310/2.9.6/jackson-datatype-jsr310-2.9.6.jar:/Users/Brian/.m2/repository/com/fasterxml/jackson/module/jackson-module-parameter-names/2.9.6/jackson-module-parameter-names-2.9.6.jar:/Users/Brian/.m2/repository/org/springframework/boot/spring-boot-starter-tomcat/2.0.3.RELEASE/spring-boot-starter-tomcat-2.0.3.RELEASE.jar:/Users/Brian/.m2/repository/org/apache/tomcat/embed/tomcat-embed-core/8.5.31/tomcat-embed-core-8.5.31.jar:/Users/Brian/.m2/repository/org/apache/tomcat/embed/tomcat-embed-el/8.5.31/tomcat-embed-el-8.5.31.jar:/Users/Brian/.m2/repository/org/apache/tomcat/embed/tomcat-embed-websocket/8.5.31/tomcat-embed-websocket-8.5.31.jar:/Users/Brian/.m2/repository/org/hibernate/validator/hibernate-validator/6.0.10.Final/hibernate-validator-6.0.10.Final.jar:/Users/Brian/.m2/repository/javax/validation/validation-api/2.0.1.Final/validation-api-2.0.1.Final.jar:/Users/Brian/.m2/repository/org/jboss/logging/jboss-logging/3.3.2.Final/jboss-logging-3.3.2.Final.jar:/Users/Brian/.m2/repository/com/fasterxml/classmate/1.3.4/classmate-1.3.4.jar:/Users/Brian/.m2/repository/org/springframework/spring-web/5.0.7.RELEASE/spring-web-5.0.7.RELEASE.jar:/Users/Brian/.m2/repository/org/springframework/spring-beans/5.0.7.RELEASE/spring-beans-5.0.7.RELEASE.jar:/Users/Brian/.m2/repository/org/springframework/spring-webmvc/5.0.7.RELEASE/spring-webmvc-5.0.7.RELEASE.jar:/Users/Brian/.m2/repository/org/springframework/spring-aop/5.0.7.RELEASE/spring-aop-5.0.7.RELEASE.jar:/Users/Brian/.m2/repository/org/springframework/spring-context/5.0.7.RELEASE/spring-context-5.0.7.RELEASE.jar:/Users/Brian/.m2/repository/org/springframework/spring-expression/5.0.7.RELEASE/spring-expression-5.0.7.RELEASE.jar:/Users/Brian/.m2/repository/org/springframework/boot/spring-boot-starter-web-services/2.0.3.RELEASE/spring-boot-starter-web-services-2.0.3.RELEASE.jar:/Users/Brian/.m2/repository/org/springframework/spring-oxm/5.0.7.RELEASE/spring-oxm-5.0.7.RELEASE.jar:/Users/Brian/.m2/repository/org/springframework/ws/spring-ws-core/3.0.1.RELEASE/spring-ws-core-3.0.1.RELEASE.jar:/Users/Brian/.m2/repository/org/springframework/ws/spring-xml/3.0.1.RELEASE/spring-xml-3.0.1.RELEASE.jar:/Users/Brian/.m2/repository/commons-io/commons-io/2.5/commons-io-2.5.jar:/Users/Brian/.m2/repository/org/springframework/boot/spring-boot-devtools/2.0.3.RELEASE/spring-boot-devtools-2.0.3.RELEASE.jar:/Users/Brian/.m2/repository/org/springframework/boot/spring-boot/2.0.3.RELEASE/spring-boot-2.0.3.RELEASE.jar:/Users/Brian/.m2/repository/org/springframework/boot/spring-boot-autoconfigure/2.0.3.RELEASE/spring-boot-autoconfigure-2.0.3.RELEASE.jar:/Users/Brian/.m2/repository/org/springframework/boot/spring-boot-starter-test/2.0.3.RELEASE/spring-boot-starter-test-2.0.3.RELEASE.jar:/Users/Brian/.m2/repository/org/springframework/boot/spring-boot-test/2.0.3.RELEASE/spring-boot-test-2.0.3.RELEASE.jar:/Users/Brian/.m2/repository/org/springframework/boot/spring-boot-test-autoconfigure/2.0.3.RELEASE/spring-boot-test-autoconfigure-2.0.3.RELEASE.jar:/Users/Brian/.m2/repository/com/jayway/jsonpath/json-path/2.4.0/json-path-2.4.0.jar:/Users/Brian/.m2/repository/net/minidev/json-smart/2.3/json-smart-2.3.jar:/Users/Brian/.m2/repository/net/minidev/accessors-smart/1.2/accessors-smart-1.2.jar:/Users/Brian/.m2/repository/org/ow2/asm/asm/5.0.4/asm-5.0.4.jar:/Users/Brian/.m2/repository/org/slf4j/slf4j-api/1.7.25/slf4j-api-1.7.25.jar:/Users/Brian/.m2/repository/junit/junit/4.12/junit-4.12.jar:/Users/Brian/.m2/repository/org/assertj/assertj-core/3.9.1/assertj-core-3.9.1.jar:/Users/Brian/.m2/repository/org/mockito/mockito-core/2.15.0/mockito-core-2.15.0.jar:/Users/Brian/.m2/repository/net/bytebuddy/byte-buddy/1.7.11/byte-buddy-1.7.11.jar:/Users/Brian/.m2/repository/net/bytebuddy/byte-buddy-agent/1.7.11/byte-buddy-agent-1.7.11.jar:/Users/Brian/.m2/repository/org/objenesis/objenesis/2.6/objenesis-2.6.jar:/Users/Brian/.m2/repository/org/hamcrest/hamcrest-core/1.3/hamcrest-core-1.3.jar:/Users/Brian/.m2/repository/org/hamcrest/hamcrest-library/1.3/hamcrest-library-1.3.jar:/Users/Brian/.m2/repository/org/skyscreamer/jsonassert/1.5.0/jsonassert-1.5.0.jar:/Users/Brian/.m2/repository/com/vaadin/external/google/android-json/0.0.20131108.vaadin1/android-json-0.0.20131108.vaadin1.jar:/Users/Brian/.m2/repository/org/springframework/spring-core/5.0.7.RELEASE/spring-core-5.0.7.RELEASE.jar:/Users/Brian/.m2/repository/org/springframework/spring-jcl/5.0.7.RELEASE/spring-jcl-5.0.7.RELEASE.jar:/Users/Brian/.m2/repository/org/springframework/spring-test/5.0.7.RELEASE/spring-test-5.0.7.RELEASE.jar:/Users/Brian/.m2/repository/org/xmlunit/xmlunit-core/2.5.1/xmlunit-core-2.5.1.jar:, user.name=Brian, java.vm.specification.version=1.8, sun.java.command=/Users/Brian/Documents/workspace/dev/myPlayGround/my-elr-backend/target/surefire/surefirebooter7162315753689297213.jar /Users/Brian/Documents/workspace/dev/myPlayGround/my-elr-backend/target/surefire 2018-07-02T21-13-05_347-jvmRun1 surefire6865531534151579111tmp surefire_05741941424843677899tmp, java.home=/Library/Java/JavaVirtualMachines/jdk1.8.0_65.jdk/Contents/Home/jre, sun.arch.data.model=64, user.language=en, java.specification.vendor=Oracle Corporation, awt.toolkit=sun.lwawt.macosx.LWCToolkit, java.vm.info=mixed mode, java.version=1.8.0_65, java.ext.dirs=/Users/Brian/Library/Java/Extensions:/Library/Java/JavaVirtualMachines/jdk1.8.0_65.jdk/Contents/Home/jre/lib/ext:/Library/Java/Extensions:/Network/Library/Java/Extensions:/System/Library/Java/Extensions:/usr/lib/java, sun.boot.class.path=/Library/Java/JavaVirtualMachines/jdk1.8.0_65.jdk/Contents/Home/jre/lib/resources.jar:/Library/Java/JavaVirtualMachines/jdk1.8.0_65.jdk/Contents/Home/jre/lib/rt.jar:/Library/Java/JavaVirtualMachines/jdk1.8.0_65.jdk/Contents/Home/jre/lib/sunrsasign.jar:/Library/Java/JavaVirtualMachines/jdk1.8.0_65.jdk/Contents/Home/jre/lib/jsse.jar:/Library/Java/JavaVirtualMachines/jdk1.8.0_65.jdk/Contents/Home/jre/lib/jce.jar:/Library/Java/JavaVirtualMachines/jdk1.8.0_65.jdk/Contents/Home/jre/lib/charsets.jar:/Library/Java/JavaVirtualMachines/jdk1.8.0_65.jdk/Contents/Home/jre/lib/jfr.jar:/Library/Java/JavaVirtualMachines/jdk1.8.0_65.jdk/Contents/Home/jre/classes, java.vendor=Oracle Corporation, localRepository=/Users/Brian/.m2/repository, file.separator=/, java.vendor.url.bug=http://bugreport.sun.com/bugreport/, sun.io.unicode.encoding=UnicodeBig, sun.cpu.endian=little, socksNonProxyHosts=local|*.local|169.254/16|*.169.254/16, ftp.nonProxyHosts=local|*.local|169.254/16|*.169.254/16, sun.cpu.isalist=}}, SystemEnvironmentPropertySource@1381128261 {name='systemEnvironment', properties={PATH=/Users/Brian/wls12210/wlserver:/Library/MyJavaDev/apache-activemq-5.11.2/bin:/Library/MyJavaDev/apache-cassandra-3.0.1/bin:/Library/MyJavaDev/mongoDB/mongodb-3.2.0/bin:/Library/MyJavaDev/wildfly-8.2.1.Final/bin:/Library/MyJavaDev/gradle-2.8/bin:/Library/MyJavaDev/Maven/apache-maven-3.5.3/bin:/usr/local/bin:/usr/bin:/bin:/usr/sbin:/sbin:/Users/Brian/wls12210/wlserver:/Library/MyJavaDev/apache-activemq-5.11.2/bin:/Library/MyJavaDev/apache-cassandra-3.0.1/bin:/Library/MyJavaDev/mongoDB/mongodb-3.2.0/bin:/Library/MyJavaDev/wildfly-8.2.1.Final/bin:/Library/MyJavaDev/gradle-2.8/bin:/Library/MyJavaDev/Maven/apache-maven-3.5.3/bin:/Applications/Visual Studio Code.app/Contents/Resources/app/bin:/Applications/Visual Studio Code.app/Contents/Resources/app/bin:/usr/local/bin:/usr/bin:/bin:/usr/sbin:/sbin, M2=/Library/MyJavaDev/Maven/apache-maven-3.5.3/bin, MW_HOME=/Users/Brian/wls12210/wlserver, VSCODE_NODE_CACHED_DATA_DIR_1372=/Users/Brian/Library/Application Support/Code/CachedData/24f62626b222e9a8313213fb64b10d741a326288, JAVA_HOME=/Library/Java/JavaVirtualMachines/jdk1.8.0_65.jdk/Contents/Home, ELECTRON_NO_ATTACH_CONSOLE=1, TERM=xterm-256color, LANG=en_US.UTF-8, VSCODE_PID=1372, JRE_HOME=/Library/Java/JavaVirtualMachines/jdk1.8.0_65.jdk/Contents/Home, MYJAVADEV=/Library/MyJavaDev, LOGNAME=Brian, ACTIVEMQ=/Library/MyJavaDev/apache-activemq-5.11.2, XPC_SERVICE_NAME=0, PWD=/Users/Brian/Documents/workspace/dev/myPlayGround/my-elr-backend, TERM_PROGRAM_VERSION=1.24.1, VSCODE_NLS_CONFIG={"locale":"en-us","availableLanguages":{}}, MAVEN_CMD_LINE_ARGS= clean install -U -f /Users/Brian/Documents/workspace/dev/myPlayGround/my-elr-backend/pom.xml, _=/Library/Java/JavaVirtualMachines/jdk1.8.0_65.jdk/Contents/Home/jre/bin/java, SHELL=/bin/bash, TERM_PROGRAM=vscode, JBOSS_HOME=/Library/MyJavaDev/wildfly-8.2.1.Final, MONGODB=/Library/MyJavaDev/mongoDB/mongodb-3.2.0, MAVEN_PROJECTBASEDIR=/Users/Brian/Documents/workspace/dev/myPlayGround/my-elr-backend, OLDPWD=/Users/Brian/Documents/workspace/dev/myPlayGround/my-elr-backend, SECURITYSESSIONID=186a9, VSCODE_NODE_CACHED_DATA_DIR_67842=/Users/Brian/Library/Application Support/Code/CachedData/24f62626b222e9a8313213fb64b10d741a326288, USER=Brian, JAVA_MAIN_CLASS_88418=org.apache.maven.surefire.booter.ForkedBooter, CLASSPATH=/Library/MyJavaDev/gradle-2.8/lib:/Library/MyJavaDev/spring-4.1.6/libs:/Library/MyJavaDev/Struts/struts-2.3.24.1/lib:/Library/MyJavaDev/Maven/apache-maven-3.3.3/lib:/Library/MyJavaDev/hibernate-4.3.10/lib:/Library/MyJavaDev/commons-logging-1.2:/Library/MyJavaDev/gradle-2.8/lib:/Library/MyJavaDev/spring-4.1.6/libs:/Library/MyJavaDev/Struts/struts-2.3.24.1/lib:/Library/MyJavaDev/Maven/apache-maven-3.3.3/lib:/Library/MyJavaDev/hibernate-4.3.10/lib:/Library/MyJavaDev/commons-logging-1.2:, TMPDIR=/var/folders/fk/bmh5qk0x7f10fx9f7tdrp7t00000gn/T/, SSH_AUTH_SOCK=/private/tmp/com.apple.launchd.ZbVervs1RM/Listeners, VSCODE_CLI=1, XPC_FLAGS=0x0, TERM_SESSION_ID=03A88ED6-9442-4DFB-93FA-7756234BF6F6, M2_HOME=/Library/MyJavaDev/Maven/apache-maven-3.5.3, JAVA_MAIN_CLASS_88383=org.codehaus.plexus.classworlds.launcher.Launcher, __CF_USER_TEXT_ENCODING=0x1F5:0x0:0x0, Apple_PubSub_Socket_Render=/private/tmp/com.apple.launchd.bvorwtaKyo/Render, CASSANDRA=/Library/MyJavaDev/apache-cassandra-3.0.1, SHLVL=3, HOME=/Users/Brian, VSCODE_IPC_HOOK=/Users/Brian/Library/Application Support/Code/1.24.1-main.sock}}]
21:13:06.192 [main] DEBUG org.springframework.core.io.support.PathMatchingResourcePatternResolver - Resolved classpath location [elr/ws/elrws/] to resources [URL [file:/Users/Brian/Documents/workspace/dev/myPlayGround/my-elr-backend/target/test-classes/elr/ws/elrws/], URL [file:/Users/Brian/Documents/workspace/dev/myPlayGround/my-elr-backend/target/classes/elr/ws/elrws/]]
21:13:06.192 [main] DEBUG org.springframework.core.io.support.PathMatchingResourcePatternResolver - Looking for matching resources in directory tree [/Users/Brian/Documents/workspace/dev/myPlayGround/my-elr-backend/target/test-classes/elr/ws/elrws]
21:13:06.192 [main] DEBUG org.springframework.core.io.support.PathMatchingResourcePatternResolver - Searching directory [/Users/Brian/Documents/workspace/dev/myPlayGround/my-elr-backend/target/test-classes/elr/ws/elrws] for files matching pattern [/Users/Brian/Documents/workspace/dev/myPlayGround/my-elr-backend/target/test-classes/elr/ws/elrws/*.class]
21:13:06.197 [main] DEBUG org.springframework.core.io.support.PathMatchingResourcePatternResolver - Looking for matching resources in directory tree [/Users/Brian/Documents/workspace/dev/myPlayGround/my-elr-backend/target/classes/elr/ws/elrws]
21:13:06.197 [main] DEBUG org.springframework.core.io.support.PathMatchingResourcePatternResolver - Searching directory [/Users/Brian/Documents/workspace/dev/myPlayGround/my-elr-backend/target/classes/elr/ws/elrws] for files matching pattern [/Users/Brian/Documents/workspace/dev/myPlayGround/my-elr-backend/target/classes/elr/ws/elrws/*.class]
21:13:06.198 [main] DEBUG org.springframework.core.io.support.PathMatchingResourcePatternResolver - Resolved location pattern [classpath*:elr/ws/elrws/*.class] to resources [file [/Users/Brian/Documents/workspace/dev/myPlayGround/my-elr-backend/target/test-classes/elr/ws/elrws/DemoApplicationTests.class], file [/Users/Brian/Documents/workspace/dev/myPlayGround/my-elr-backend/target/classes/elr/ws/elrws/DemoApplication.class]]
21:13:06.282 [main] DEBUG org.springframework.context.annotation.ClassPathScanningCandidateComponentProvider - Identified candidate component class: file [/Users/Brian/Documents/workspace/dev/myPlayGround/my-elr-backend/target/classes/elr/ws/elrws/DemoApplication.class]
21:13:06.283 [main] INFO org.springframework.boot.test.context.SpringBootTestContextBootstrapper - Found @SpringBootConfiguration elr.ws.elrws.DemoApplication for test class elr.ws.elrws.DemoApplicationTests
21:13:06.402 [main] DEBUG org.springframework.boot.test.context.SpringBootTestContextBootstrapper - @TestExecutionListeners is not present for class [elr.ws.elrws.DemoApplicationTests]: using defaults.
21:13:06.402 [main] INFO org.springframework.boot.test.context.SpringBootTestContextBootstrapper - Loaded default TestExecutionListener class names from location [META-INF/spring.factories]: [org.springframework.boot.test.mock.mockito.MockitoTestExecutionListener, org.springframework.boot.test.mock.mockito.ResetMocksTestExecutionListener, org.springframework.boot.test.autoconfigure.restdocs.RestDocsTestExecutionListener, org.springframework.boot.test.autoconfigure.web.client.MockRestServiceServerResetTestExecutionListener, org.springframework.boot.test.autoconfigure.web.servlet.MockMvcPrintOnlyOnFailureTestExecutionListener, org.springframework.boot.test.autoconfigure.web.servlet.WebDriverTestExecutionListener, org.springframework.test.context.web.ServletTestExecutionListener, org.springframework.test.context.support.DirtiesContextBeforeModesTestExecutionListener, org.springframework.test.context.support.DependencyInjectionTestExecutionListener, org.springframework.test.context.support.DirtiesContextTestExecutionListener, org.springframework.test.context.transaction.TransactionalTestExecutionListener, org.springframework.test.context.jdbc.SqlScriptsTestExecutionListener]
21:13:06.416 [main] DEBUG org.springframework.boot.test.context.SpringBootTestContextBootstrapper - Skipping candidate TestExecutionListener [org.springframework.test.context.transaction.TransactionalTestExecutionListener] due to a missing dependency. Specify custom listener classes or make the default listener classes and their required dependencies available. Offending class: [org/springframework/transaction/interceptor/TransactionAttributeSource]
21:13:06.416 [main] DEBUG org.springframework.boot.test.context.SpringBootTestContextBootstrapper - Skipping candidate TestExecutionListener [org.springframework.test.context.jdbc.SqlScriptsTestExecutionListener] due to a missing dependency. Specify custom listener classes or make the default listener classes and their required dependencies available. Offending class: [org/springframework/transaction/interceptor/TransactionAttribute]
21:13:06.417 [main] INFO org.springframework.boot.test.context.SpringBootTestContextBootstrapper - Using TestExecutionListeners: [org.springframework.test.context.web.ServletTestExecutionListener@6302bbb1, org.springframework.test.context.support.DirtiesContextBeforeModesTestExecutionListener@31304f14, org.springframework.boot.test.mock.mockito.MockitoTestExecutionListener@34a3d150, org.springframework.boot.test.autoconfigure.SpringBootDependencyInjectionTestExecutionListener@2a4fb17b, org.springframework.test.context.support.DirtiesContextTestExecutionListener@5c6648b0, org.springframework.boot.test.mock.mockito.ResetMocksTestExecutionListener@6f1de4c7, org.springframework.boot.test.autoconfigure.restdocs.RestDocsTestExecutionListener@459e9125, org.springframework.boot.test.autoconfigure.web.client.MockRestServiceServerResetTestExecutionListener@128d2484, org.springframework.boot.test.autoconfigure.web.servlet.MockMvcPrintOnlyOnFailureTestExecutionListener@7cc0cdad, org.springframework.boot.test.autoconfigure.web.servlet.WebDriverTestExecutionListener@7c7b252e]
21:13:06.419 [main] DEBUG org.springframework.test.annotation.ProfileValueUtils - Retrieved @ProfileValueSourceConfiguration [null] for test class [elr.ws.elrws.DemoApplicationTests]
21:13:06.419 [main] DEBUG org.springframework.test.annotation.ProfileValueUtils - Retrieved ProfileValueSource type [class org.springframework.test.annotation.SystemProfileValueSource] for class [elr.ws.elrws.DemoApplicationTests]
21:13:06.421 [main] DEBUG org.springframework.test.annotation.ProfileValueUtils - Retrieved @ProfileValueSourceConfiguration [null] for test class [elr.ws.elrws.DemoApplicationTests]
21:13:06.421 [main] DEBUG org.springframework.test.annotation.ProfileValueUtils - Retrieved ProfileValueSource type [class org.springframework.test.annotation.SystemProfileValueSource] for class [elr.ws.elrws.DemoApplicationTests]
21:13:06.421 [main] DEBUG org.springframework.test.annotation.ProfileValueUtils - Retrieved @ProfileValueSourceConfiguration [null] for test class [elr.ws.elrws.DemoApplicationTests]
21:13:06.422 [main] DEBUG org.springframework.test.annotation.ProfileValueUtils - Retrieved ProfileValueSource type [class org.springframework.test.annotation.SystemProfileValueSource] for class [elr.ws.elrws.DemoApplicationTests]
]]></system-out>
  </testcase>
</testsuite>